app/build/intermediates/manifest_merge_blame_file/debug/processDebugMainManifest/manifest-merger-blame-debug-report.txt
1<?xml version="1.0" encoding="utf-8"?>
2<manifest xmlns:android="http://schemas.android.com/apk/res/android"
3    package="com.platecheck.app"
4    android:versionCode="1"
5    android:versionName="1.0" >
6
7    <uses-sdk
7-->INJECTED
8        android:minSdkVersion="26"
8-->INJECTED
9        android:targetSdkVersion="35" />
9-->INJECTED
10
11    <uses-feature
11-->src/main/AndroidManifest.xml:4:5-6:35
12        android:name="android.hardware.camera"
12-->src/main/AndroidManifest.xml:5:9-47
13        android:required="true" />
13-->src/main/AndroidManifest.xml:6:9-32
14
15    <uses-permission android:name="android.permission.CAMERA" />
15-->src/main/AndroidManifest.xml:8:5-65
15-->src/main/AndroidManifest.xml:8:22-62
16    <!-- ADDED: Required to download/update Gemini Nano models -->
17    <uses-permission android:name="android.permission.INTERNET" />
17-->src/main/AndroidManifest.xml:10:5-67
17-->src/main/AndroidManifest.xml:10:22-64
18    <uses-permission android:name="com.google.android.apps.aicore.service.BIND_SERVICE" />
18-->[com.google.mlkit:genai-prompt:1.0.0-beta2] AndroidManifest.xml:9:5-91
18-->[com.google.mlkit:genai-prompt:1.0.0-beta2] AndroidManifest.xml:9:22-88
19
20    <queries>
20-->[com.google.mlkit:genai-prompt:1.0.0-beta2] AndroidManifest.xml:11:5-13:15
21        <package android:name="com.google.android.aicore" />
21-->[com.google.mlkit:genai-prompt:1.0.0-beta2] AndroidManifest.xml:12:9-61
21-->[com.google.mlkit:genai-prompt:1.0.0-beta2] AndroidManifest.xml:12:18-58
22    </queries>
23
24    <permission
24-->[androidx.core:core:1.15.0] AndroidManifest.xml:22:5-24:47
25        android:name="com.platecheck.app.DYNAMIC_RECEIVER_NOT_EXPORTED_PERMISSION"
25-->[androidx.core:core:1.15.0] AndroidManifest.xml:23:9-81
26        android:protectionLevel="signature" />
26-->[androidx.core:core:1.15.0] AndroidManifest.xml:24:9-44
27
28    <uses-permission android:name="com.platecheck.app.DYNAMIC_RECEIVER_NOT_EXPORTED_PERMISSION" /> <!-- Although the *SdkVersion is captured in gradle build files, this is required for non gradle builds -->
28-->[androidx.core:core:1.15.0] AndroidManifest.xml:26:5-97
28-->[androidx.core:core:1.15.0] AndroidManifest.xml:26:22-94
29    <!-- <uses-sdk android:minSdkVersion="14"/> -->
30    <uses-permission android:name="android.permission.ACCESS_NETWORK_STATE" />
30-->[com.google.android.datatransport:transport-backend-cct:2.3.3] AndroidManifest.xml:25:5-79
30-->[com.google.android.datatransport:transport-backend-cct:2.3.3] AndroidManifest.xml:25:22-76
31
32    <application
32-->src/main/AndroidManifest.xml:12:5-33:19
33        android:allowBackup="true"
33-->src/main/AndroidManifest.xml:13:9-35
34        android:appComponentFactory="androidx.core.app.CoreComponentFactory"
34-->[androidx.core:core:1.15.0] AndroidManifest.xml:28:18-86
35        android:debuggable="true"
36        android:extractNativeLibs="false"
36-->INJECTED
37        android:icon="@mipmap/ic_launcher"
37-->src/main/AndroidManifest.xml:14:9-43
38        android:label="@string/app_name"
38-->src/main/AndroidManifest.xml:15:9-41
39        android:supportsRtl="true"
39-->src/main/AndroidManifest.xml:16:9-35
40        android:testOnly="true"
41        android:theme="@style/Theme.PlateCheck" >
41-->src/main/AndroidManifest.xml:17:9-48
42
43        <!-- ADDED: This helps ML Kit prepare AI dependencies -->
44        <meta-data
44-->src/main/AndroidManifest.xml:20:9-22:35
45            android:name="com.google.mlkit.vision.DEPENDENCIES"
45-->src/main/AndroidManifest.xml:21:13-64
46            android:value="ocr" />
46-->src/main/AndroidManifest.xml:22:13-32
47
48        <activity
48-->src/main/AndroidManifest.xml:24:9-32:20
49            android:name="com.platecheck.app.MainActivity"
49-->src/main/AndroidManifest.xml:25:13-41
50            android:exported="true"
50-->src/main/AndroidManifest.xml:26:13-36
51            android:windowSoftInputMode="adjustResize" >
51-->src/main/AndroidManifest.xml:27:13-55
52            <intent-filter>
52-->src/main/AndroidManifest.xml:28:13-31:29
53                <action android:name="android.intent.action.MAIN" />
53-->src/main/AndroidManifest.xml:29:17-69
53-->src/main/AndroidManifest.xml:29:25-66
54
55                <category android:name="android.intent.category.LAUNCHER" />
55-->src/main/AndroidManifest.xml:30:17-77
55-->src/main/AndroidManifest.xml:30:27-74
56            </intent-filter>
57        </activity>
58
59        <service
59-->[androidx.camera:camera-camera2:1.4.1] AndroidManifest.xml:24:9-33:19
60            android:name="androidx.camera.core.impl.MetadataHolderService"
60-->[androidx.camera:camera-camera2:1.4.1] AndroidManifest.xml:25:13-75
61            android:enabled="false"
61-->[androidx.camera:camera-camera2:1.4.1] AndroidManifest.xml:26:13-36
62            android:exported="false" >
62-->[androidx.camera:camera-camera2:1.4.1] AndroidManifest.xml:27:13-37
63            <meta-data
63-->[androidx.camera:camera-camera2:1.4.1] AndroidManifest.xml:30:13-32:89
64                android:name="androidx.camera.core.impl.MetadataHolderService.DEFAULT_CONFIG_PROVIDER"
64-->[androidx.camera:camera-camera2:1.4.1] AndroidManifest.xml:31:17-103
65                android:value="androidx.camera.camera2.Camera2Config$DefaultProvider" />
65-->[androidx.camera:camera-camera2:1.4.1] AndroidManifest.xml:32:17-86
66        </service>
67
68        <activity
68-->[androidx.compose.ui:ui-test-manifest:1.7.6] AndroidManifest.xml:23:9-25:39
69            android:name="androidx.activity.ComponentActivity"
69-->[androidx.compose.ui:ui-test-manifest:1.7.6] AndroidManifest.xml:24:13-63
70            android:exported="true" />
70-->[androidx.compose.ui:ui-test-manifest:1.7.6] AndroidManifest.xml:25:13-36
71        <activity
71-->[androidx.compose.ui:ui-tooling-android:1.7.6] AndroidManifest.xml:23:9-25:39
72            android:name="androidx.compose.ui.tooling.PreviewActivity"
72-->[androidx.compose.ui:ui-tooling-android:1.7.6] AndroidManifest.xml:24:13-71
73            android:exported="true" />
73-->[androidx.compose.ui:ui-tooling-android:1.7.6] AndroidManifest.xml:25:13-36
74
75        <provider
75-->[com.google.mlkit:common:18.11.0] AndroidManifest.xml:9:9-13:38
76            android:name="com.google.mlkit.common.internal.MlKitInitProvider"
76-->[com.google.mlkit:common:18.11.0] AndroidManifest.xml:10:13-78
77            android:authorities="com.platecheck.app.mlkitinitprovider"
77-->[com.google.mlkit:common:18.11.0] AndroidManifest.xml:11:13-69
78            android:exported="false"
78-->[com.google.mlkit:common:18.11.0] AndroidManifest.xml:12:13-37
79            android:initOrder="99" />
79-->[com.google.mlkit:common:18.11.0] AndroidManifest.xml:13:13-35
80
81        <service
81-->[com.google.mlkit:common:18.11.0] AndroidManifest.xml:15:9-23:19
82            android:name="com.google.mlkit.common.internal.MlKitComponentDiscoveryService"
82-->[com.google.mlkit:common:18.11.0] AndroidManifest.xml:16:13-91
83            android:directBootAware="true"
83-->[com.google.mlkit:common:18.11.0] AndroidManifest.xml:17:13-43
84            android:exported="false" >
84-->[com.google.mlkit:common:18.11.0] AndroidManifest.xml:18:13-37
85            <meta-data
85-->[com.google.mlkit:common:18.11.0] AndroidManifest.xml:20:13-22:85
86                android:name="com.google.firebase.components:com.google.mlkit.common.internal.CommonComponentRegistrar"
86-->[com.google.mlkit:common:18.11.0] AndroidManifest.xml:21:17-120
87                android:value="com.google.firebase.components.ComponentRegistrar" />
87-->[com.google.mlkit:common:18.11.0] AndroidManifest.xml:22:17-82
88        </service>
89
90        <activity
90-->[com.google.android.gms:play-services-base:18.5.0] AndroidManifest.xml:5:9-173
91            android:name="com.google.android.gms.common.api.GoogleApiActivity"
91-->[com.google.android.gms:play-services-base:18.5.0] AndroidManifest.xml:5:19-85
92            android:exported="false"
92-->[com.google.android.gms:play-services-base:18.5.0] AndroidManifest.xml:5:146-170
93            android:theme="@android:style/Theme.Translucent.NoTitleBar" />
93-->[com.google.android.gms:play-services-base:18.5.0] AndroidManifest.xml:5:86-145
94
95        <provider
95-->[androidx.emoji2:emoji2:1.3.0] AndroidManifest.xml:24:9-32:20
96            android:name="androidx.startup.InitializationProvider"
96-->[androidx.emoji2:emoji2:1.3.0] AndroidManifest.xml:25:13-67
97            android:authorities="com.platecheck.app.androidx-startup"
97-->[androidx.emoji2:emoji2:1.3.0] AndroidManifest.xml:26:13-68
98            android:exported="false" >
98-->[androidx.emoji2:emoji2:1.3.0] AndroidManifest.xml:27:13-37
99            <meta-data
99-->[androidx.emoji2:emoji2:1.3.0] AndroidManifest.xml:29:13-31:52
100                android:name="androidx.emoji2.text.EmojiCompatInitializer"
100-->[androidx.emoji2:emoji2:1.3.0] AndroidManifest.xml:30:17-75
101                android:value="androidx.startup" />
101-->[androidx.emoji2:emoji2:1.3.0] AndroidManifest.xml:31:17-49
102            <meta-data
102-->[androidx.lifecycle:lifecycle-process:2.8.7] AndroidManifest.xml:29:13-31:52
103                android:name="androidx.lifecycle.ProcessLifecycleInitializer"
103-->[androidx.lifecycle:lifecycle-process:2.8.7] AndroidManifest.xml:30:17-78
104                android:value="androidx.startup" />
104-->[androidx.lifecycle:lifecycle-process:2.8.7] AndroidManifest.xml:31:17-49
105            <meta-data
105-->[androidx.profileinstaller:profileinstaller:1.3.1] AndroidManifest.xml:29:13-31:52
106                android:name="androidx.profileinstaller.ProfileInstallerInitializer"
106-->[androidx.profileinstaller:profileinstaller:1.3.1] AndroidManifest.xml:30:17-85
107                android:value="androidx.startup" />
107-->[androidx.profileinstaller:profileinstaller:1.3.1] AndroidManifest.xml:31:17-49
108        </provider>
109
110        <service
110-->[androidx.room:room-runtime:2.6.1] AndroidManifest.xml:24:9-28:63
111            android:name="androidx.room.MultiInstanceInvalidationService"
111-->[androidx.room:room-runtime:2.6.1] AndroidManifest.xml:25:13-74
112            android:directBootAware="true"
112-->[androidx.room:room-runtime:2.6.1] AndroidManifest.xml:26:13-43
113            android:exported="false" />
113-->[androidx.room:room-runtime:2.6.1] AndroidManifest.xml:27:13-37
114
115        <meta-data
115-->[com.google.android.gms:play-services-basement:18.9.0] AndroidManifest.xml:21:9-23:69
116            android:name="com.google.android.gms.version"
116-->[com.google.android.gms:play-services-basement:18.9.0] AndroidManifest.xml:22:13-58
117            android:value="@integer/google_play_services_version" />
117-->[com.google.android.gms:play-services-basement:18.9.0] AndroidManifest.xml:23:13-66
118
119        <receiver
119-->[androidx.profileinstaller:profileinstaller:1.3.1] AndroidManifest.xml:34:9-52:20
120            android:name="androidx.profileinstaller.ProfileInstallReceiver"
120-->[androidx.profileinstaller:profileinstaller:1.3.1] AndroidManifest.xml:35:13-76
121            android:directBootAware="false"
121-->[androidx.profileinstaller:profileinstaller:1.3.1] AndroidManifest.xml:36:13-44
122            android:enabled="true"
122-->[androidx.profileinstaller:profileinstaller:1.3.1] AndroidManifest.xml:37:13-35
123            android:exported="true"
123-->[androidx.profileinstaller:profileinstaller:1.3.1] AndroidManifest.xml:38:13-36
124            android:permission="android.permission.DUMP" >
124-->[androidx.profileinstaller:profileinstaller:1.3.1] AndroidManifest.xml:39:13-57
125            <intent-filter>
125-->[androidx.profileinstaller:profileinstaller:1.3.1] AndroidManifest.xml:40:13-42:29
126                <action android:name="androidx.profileinstaller.action.INSTALL_PROFILE" />
126-->[androidx.profileinstaller:profileinstaller:1.3.1] AndroidManifest.xml:41:17-91
126-->[androidx.profileinstaller:profileinstaller:1.3.1] AndroidManifest.xml:41:25-88
127            </intent-filter>
128            <intent-filter>
128-->[androidx.profileinstaller:profileinstaller:1.3.1] AndroidManifest.xml:43:13-45:29
129                <action android:name="androidx.profileinstaller.action.SKIP_FILE" />
129-->[androidx.profileinstaller:profileinstaller:1.3.1] AndroidManifest.xml:44:17-85
129-->[androidx.profileinstaller:profileinstaller:1.3.1] AndroidManifest.xml:44:25-82
130            </intent-filter>
131            <intent-filter>
131-->[androidx.profileinstaller:profileinstaller:1.3.1] AndroidManifest.xml:46:13-48:29
132                <action android:name="androidx.profileinstaller.action.SAVE_PROFILE" />
132-->[androidx.profileinstaller:profileinstaller:1.3.1] AndroidManifest.xml:47:17-88
132-->[androidx.profileinstaller:profileinstaller:1.3.1] AndroidManifest.xml:47:25-85
133            </intent-filter>
134            <intent-filter>
134-->[androidx.profileinstaller:profileinstaller:1.3.1] AndroidManifest.xml:49:13-51:29
135                <action android:name="androidx.profileinstaller.action.BENCHMARK_OPERATION" />
135-->[androidx.profileinstaller:profileinstaller:1.3.1] AndroidManifest.xml:50:17-95
135-->[androidx.profileinstaller:profileinstaller:1.3.1] AndroidManifest.xml:50:25-92
136            </intent-filter>
137        </receiver>
138
139        <service
139-->[com.google.android.datatransport:transport-backend-cct:2.3.3] AndroidManifest.xml:29:9-35:19
140            android:name="com.google.android.datatransport.runtime.backends.TransportBackendDiscovery"
140-->[com.google.android.datatransport:transport-backend-cct:2.3.3] AndroidManifest.xml:30:13-103
141            android:exported="false" >
141-->[com.google.android.datatransport:transport-backend-cct:2.3.3] AndroidManifest.xml:31:13-37
142            <meta-data
142-->[com.google.android.datatransport:transport-backend-cct:2.3.3] AndroidManifest.xml:32:13-34:39
143                android:name="backend:com.google.android.datatransport.cct.CctBackendFactory"
143-->[com.google.android.datatransport:transport-backend-cct:2.3.3] AndroidManifest.xml:33:17-94
144                android:value="cct" />
144-->[com.google.android.datatransport:transport-backend-cct:2.3.3] AndroidManifest.xml:34:17-36
145        </service>
146        <service
146-->[com.google.android.datatransport:transport-runtime:2.2.6] AndroidManifest.xml:26:9-30:19
147            android:name="com.google.android.datatransport.runtime.scheduling.jobscheduling.JobInfoSchedulerService"
147-->[com.google.android.datatransport:transport-runtime:2.2.6] AndroidManifest.xml:27:13-117
148            android:exported="false"
148-->[com.google.android.datatransport:transport-runtime:2.2.6] AndroidManifest.xml:28:13-37
149            android:permission="android.permission.BIND_JOB_SERVICE" >
149-->[com.google.android.datatransport:transport-runtime:2.2.6] AndroidManifest.xml:29:13-69
150        </service>
151
152        <receiver
152-->[com.google.android.datatransport:transport-runtime:2.2.6] AndroidManifest.xml:32:9-34:40
153            android:name="com.google.android.datatransport.runtime.scheduling.jobscheduling.AlarmManagerSchedulerBroadcastReceiver"
153-->[com.google.android.datatransport:transport-runtime:2.2.6] AndroidManifest.xml:33:13-132
154            android:exported="false" />
154-->[com.google.android.datatransport:transport-runtime:2.2.6] AndroidManifest.xml:34:13-37
155    </application>
156
157</manifest>